Initializing output dataframes and declaring constants...

Loading PTB Features and Counts...
Loading Senate Features and Counts...
Looping over feature sets...

Analyzing _prpnum_feats...
	Merging PTB and Senate counts...
	Running Fightin' Words...

Analyzing _vrbtense_feats...
	Merging PTB and Senate counts...
	Running Fightin' Words...

Analyzing _nounnum_feats...
	Merging PTB and Senate counts...
	Running Fightin' Words...

Analyzing _nopropnouns_feats...
	Merging PTB and Senate counts...
	Running Fightin' Words...

Analyzing _allnouns_feats...
	Merging PTB and Senate counts...
	Running Fightin' Words...
Saving outputs...
	D:/cong_text/final_pos/ptb/all_PTB114zetas__prpnum_feats.csv saved...
	D:/cong_text/final_pos/ptb/all_PTB114zetas__vrbtense_feats.csv saved...
	D:/cong_text/final_pos/ptb/all_PTB114zetas__nounnum_feats.csv saved...
	D:/cong_text/final_pos/ptb/all_PTB114zetas__nopropnouns_feats.csv saved...
	D:/cong_text/final_pos/ptb/all_PTB114zetas__allnouns_feats.csv saved...
	D:/cong_text/final_pos/ptb/tags_PTB114zetas.csv saved...

DONE!
