Initializing output dataframes and declaring constants...

Loading feature sets...

Finding all party topic count files...

Loading party counts for topic 0...
	Analyzing _prpnum_feats...
	Analyzing _vrbtense_feats...
	Analyzing _nounnum_feats...


Loading party counts for topic 1...
	Analyzing _prpnum_feats...
	Analyzing _vrbtense_feats...
	Analyzing _nounnum_feats...


Loading party counts for topic 2...
	Analyzing _prpnum_feats...
	Analyzing _vrbtense_feats...
	Analyzing _nounnum_feats...


Loading party counts for topic 3...
	Analyzing _prpnum_feats...
	Analyzing _vrbtense_feats...
	Analyzing _nounnum_feats...


Loading party counts for topic 4...
	Analyzing _prpnum_feats...
	Analyzing _vrbtense_feats...
	Analyzing _nounnum_feats...


Loading party counts for topic 5...
	Analyzing _prpnum_feats...
	Analyzing _vrbtense_feats...
	Analyzing _nounnum_feats...


Loading party counts for topic 6...
	Analyzing _prpnum_feats...
	Analyzing _vrbtense_feats...
	Analyzing _nounnum_feats...


Loading party counts for topic 7...
	Analyzing _prpnum_feats...
	Analyzing _vrbtense_feats...
	Analyzing _nounnum_feats...


Loading party counts for topic 8...
	Analyzing _prpnum_feats...
	Analyzing _vrbtense_feats...
	Analyzing _nounnum_feats...


Loading party counts for topic 9...
	Analyzing _prpnum_feats...
	Analyzing _vrbtense_feats...
	Analyzing _nounnum_feats...


Loading party counts for topic 10...
	Analyzing _prpnum_feats...
	Analyzing _vrbtense_feats...
	Analyzing _nounnum_feats...


Loading party counts for topic 11...
	Analyzing _prpnum_feats...
	Analyzing _vrbtense_feats...
	Analyzing _nounnum_feats...


Loading party counts for topic 12...
	Analyzing _prpnum_feats...
	Analyzing _vrbtense_feats...
	Analyzing _nounnum_feats...


Loading party counts for topic 13...
	Analyzing _prpnum_feats...
	Analyzing _vrbtense_feats...
	Analyzing _nounnum_feats...


Loading party counts for topic 14...
	Analyzing _prpnum_feats...
	Analyzing _vrbtense_feats...
	Analyzing _nounnum_feats...


Loading party counts for topic 15...
	Analyzing _prpnum_feats...
	Analyzing _vrbtense_feats...
	Analyzing _nounnum_feats...


Loading party counts for topic 16...
	Analyzing _prpnum_feats...
	Analyzing _vrbtense_feats...
	Analyzing _nounnum_feats...


Loading party counts for topic 17...
	Analyzing _prpnum_feats...
	Analyzing _vrbtense_feats...
	Analyzing _nounnum_feats...


Loading party counts for topic 18...
	Analyzing _prpnum_feats...
	Analyzing _vrbtense_feats...
	Analyzing _nounnum_feats...


Loading party counts for topic 19...
	Analyzing _prpnum_feats...
	Analyzing _vrbtense_feats...
	Analyzing _nounnum_feats...


Loading party counts for topic 20...
	Analyzing _prpnum_feats...
	Analyzing _vrbtense_feats...
	Analyzing _nounnum_feats...


Loading party counts for topic 21...
	Analyzing _prpnum_feats...
	Analyzing _vrbtense_feats...
	Analyzing _nounnum_feats...


Loading party counts for topic 22...
	Analyzing _prpnum_feats...
	Analyzing _vrbtense_feats...
	Analyzing _nounnum_feats...


Loading party counts for topic 23...
	Analyzing _prpnum_feats...
	Analyzing _vrbtense_feats...
	Analyzing _nounnum_feats...


Loading party counts for topic 24...
	Analyzing _prpnum_feats...
	Analyzing _vrbtense_feats...
	Analyzing _nounnum_feats...


Loading party counts for topic 25...
	Analyzing _prpnum_feats...
	Analyzing _vrbtense_feats...
	Analyzing _nounnum_feats...


Loading party counts for topic 26...
	Analyzing _prpnum_feats...
	Analyzing _vrbtense_feats...
	Analyzing _nounnum_feats...


Loading party counts for topic 27...
	Analyzing _prpnum_feats...
	Analyzing _vrbtense_feats...
	Analyzing _nounnum_feats...


Loading party counts for topic 28...
	Analyzing _prpnum_feats...
	Analyzing _vrbtense_feats...
	Analyzing _nounnum_feats...


Loading party counts for topic 29...
	Analyzing _prpnum_feats...
	Analyzing _vrbtense_feats...
	Analyzing _nounnum_feats...


Loading party counts for topic 30...
	Analyzing _prpnum_feats...
	Analyzing _vrbtense_feats...
	Analyzing _nounnum_feats...


Loading party counts for topic 31...
	Analyzing _prpnum_feats...
	Analyzing _vrbtense_feats...
	Analyzing _nounnum_feats...


Loading party counts for topic 32...
	Analyzing _prpnum_feats...
	Analyzing _vrbtense_feats...
	Analyzing _nounnum_feats...


Loading party counts for topic 33...
	Analyzing _prpnum_feats...
	Analyzing _vrbtense_feats...
	Analyzing _nounnum_feats...


Loading party counts for topic 34...
	Analyzing _prpnum_feats...
	Analyzing _vrbtense_feats...
	Analyzing _nounnum_feats...


Loading party counts for topic 35...
	Analyzing _prpnum_feats...
	Analyzing _vrbtense_feats...
	Analyzing _nounnum_feats...


Loading party counts for topic 36...
	Analyzing _prpnum_feats...
	Analyzing _vrbtense_feats...
	Analyzing _nounnum_feats...


Loading party counts for topic 37...
	Analyzing _prpnum_feats...
	Analyzing _vrbtense_feats...
	Analyzing _nounnum_feats...


Loading party counts for topic 38...
	Analyzing _prpnum_feats...
	Analyzing _vrbtense_feats...
	Analyzing _nounnum_feats...


Loading party counts for topic 39...
	Analyzing _prpnum_feats...
	Analyzing _vrbtense_feats...
	Analyzing _nounnum_feats...


Loading party counts for topic 40...
	Analyzing _prpnum_feats...
	Analyzing _vrbtense_feats...
	Analyzing _nounnum_feats...


Loading party counts for topic 41...
	Analyzing _prpnum_feats...
	Analyzing _vrbtense_feats...
	Analyzing _nounnum_feats...


Loading party counts for topic 42...
	Analyzing _prpnum_feats...
	Analyzing _vrbtense_feats...
	Analyzing _nounnum_feats...


Loading party counts for topic 43...
	Analyzing _prpnum_feats...
	Analyzing _vrbtense_feats...
	Analyzing _nounnum_feats...


Loading party counts for topic 44...
	Analyzing _prpnum_feats...
	Analyzing _vrbtense_feats...
	Analyzing _nounnum_feats...


Loading party counts for topic 45...
	Analyzing _prpnum_feats...
	Analyzing _vrbtense_feats...
	Analyzing _nounnum_feats...


Saving outputs...
	D:/cong_text/final_pos/analysis/113zetas_deltas_prpnum_feats.csv saved...
	D:/cong_text/final_pos/analysis/113zetas_deltas_vrbtense_feats.csv saved...
	D:/cong_text/final_pos/analysis/113zetas_deltas_nounnum_feats.csv saved...

DONE!
