Processing the individual files...

	0: Processing D:/cong_text/csvs/tokenized/raw\0-alexander.csv...
	1: Processing D:/cong_text/csvs/tokenized/raw\1-ayotte.csv...
	2: Processing D:/cong_text/csvs/tokenized/raw\10-boxer.csv...
	3: Processing D:/cong_text/csvs/tokenized/raw\11-brown.csv...
	4: Processing D:/cong_text/csvs/tokenized/raw\12-burr.csv...
	5: Processing D:/cong_text/csvs/tokenized/raw\13-cantwell.csv...
	6: Processing D:/cong_text/csvs/tokenized/raw\14-capito.csv...
	7: Processing D:/cong_text/csvs/tokenized/raw\15-cardin.csv...
	8: Processing D:/cong_text/csvs/tokenized/raw\16-carper.csv...
	9: Processing D:/cong_text/csvs/tokenized/raw\17-casey.csv...
	10: Processing D:/cong_text/csvs/tokenized/raw\18-cassidy.csv...
	11: Processing D:/cong_text/csvs/tokenized/raw\19-coats.csv...
	12: Processing D:/cong_text/csvs/tokenized/raw\2-baldwin.csv...
	13: Processing D:/cong_text/csvs/tokenized/raw\20-cochran.csv...
	14: Processing D:/cong_text/csvs/tokenized/raw\21-collins.csv...
	15: Processing D:/cong_text/csvs/tokenized/raw\22-coons.csv...
	16: Processing D:/cong_text/csvs/tokenized/raw\23-corker.csv...
	17: Processing D:/cong_text/csvs/tokenized/raw\24-cornyn.csv...
	18: Processing D:/cong_text/csvs/tokenized/raw\25-cotton.csv...
	19: Processing D:/cong_text/csvs/tokenized/raw\26-crapo.csv...
	20: Processing D:/cong_text/csvs/tokenized/raw\27-cruz.csv...
	21: Processing D:/cong_text/csvs/tokenized/raw\28-daines.csv...
	22: Processing D:/cong_text/csvs/tokenized/raw\29-donnelly.csv...
	23: Processing D:/cong_text/csvs/tokenized/raw\3-barrasso.csv...
	24: Processing D:/cong_text/csvs/tokenized/raw\30-durbin.csv...
	25: Processing D:/cong_text/csvs/tokenized/raw\31-enzi.csv...
	26: Processing D:/cong_text/csvs/tokenized/raw\32-ernst.csv...
	27: Processing D:/cong_text/csvs/tokenized/raw\33-feinstein.csv...
	28: Processing D:/cong_text/csvs/tokenized/raw\34-fischer.csv...
	29: Processing D:/cong_text/csvs/tokenized/raw\35-flake.csv...
	30: Processing D:/cong_text/csvs/tokenized/raw\36-franken.csv...
	31: Processing D:/cong_text/csvs/tokenized/raw\37-gardner.csv...
	32: Processing D:/cong_text/csvs/tokenized/raw\38-gillibrand.csv...
	33: Processing D:/cong_text/csvs/tokenized/raw\39-grassley.csv...
	34: Processing D:/cong_text/csvs/tokenized/raw\4-bennet.csv...
	35: Processing D:/cong_text/csvs/tokenized/raw\40-hatch.csv...
	36: Processing D:/cong_text/csvs/tokenized/raw\41-heinrich.csv...
	37: Processing D:/cong_text/csvs/tokenized/raw\42-heitkamp.csv...
	38: Processing D:/cong_text/csvs/tokenized/raw\43-heller.csv...
	39: Processing D:/cong_text/csvs/tokenized/raw\44-hirono.csv...
	40: Processing D:/cong_text/csvs/tokenized/raw\45-hoeven.csv...
	41: Processing D:/cong_text/csvs/tokenized/raw\46-inhofe.csv...
	42: Processing D:/cong_text/csvs/tokenized/raw\47-isakson.csv...
	43: Processing D:/cong_text/csvs/tokenized/raw\48-kaine.csv...
	44: Processing D:/cong_text/csvs/tokenized/raw\49-king.csv...
	45: Processing D:/cong_text/csvs/tokenized/raw\5-billnelson.csv...
	46: Processing D:/cong_text/csvs/tokenized/raw\50-kirk.csv...
	47: Processing D:/cong_text/csvs/tokenized/raw\51-klobuchar.csv...
	48: Processing D:/cong_text/csvs/tokenized/raw\52-lankford.csv...
	49: Processing D:/cong_text/csvs/tokenized/raw\53-leahy.csv...
	50: Processing D:/cong_text/csvs/tokenized/raw\54-lee.csv...
	51: Processing D:/cong_text/csvs/tokenized/raw\55-lgraham.csv...
	52: Processing D:/cong_text/csvs/tokenized/raw\56-manchin.csv...
	53: Processing D:/cong_text/csvs/tokenized/raw\57-markey.csv...
	54: Processing D:/cong_text/csvs/tokenized/raw\58-mccain.csv...
	55: Processing D:/cong_text/csvs/tokenized/raw\59-mccaskill.csv...
	56: Processing D:/cong_text/csvs/tokenized/raw\6-blumenthal.csv...
	57: Processing D:/cong_text/csvs/tokenized/raw\60-mcconnell.csv...
	58: Processing D:/cong_text/csvs/tokenized/raw\61-menendez.csv...
	59: Processing D:/cong_text/csvs/tokenized/raw\62-merkley.csv...
	60: Processing D:/cong_text/csvs/tokenized/raw\63-mikulski.csv...
	61: Processing D:/cong_text/csvs/tokenized/raw\64-moran.csv...
	62: Processing D:/cong_text/csvs/tokenized/raw\65-murkowski.csv...
	63: Processing D:/cong_text/csvs/tokenized/raw\66-murphy.csv...
	64: Processing D:/cong_text/csvs/tokenized/raw\67-murray.csv...
	65: Processing D:/cong_text/csvs/tokenized/raw\68-paul.csv...
	66: Processing D:/cong_text/csvs/tokenized/raw\69-perdue.csv...
	67: Processing D:/cong_text/csvs/tokenized/raw\7-blunt.csv...
	68: Processing D:/cong_text/csvs/tokenized/raw\70-peters.csv...
	69: Processing D:/cong_text/csvs/tokenized/raw\71-portman.csv...
	70: Processing D:/cong_text/csvs/tokenized/raw\72-reed.csv...
	71: Processing D:/cong_text/csvs/tokenized/raw\73-reid.csv...
	72: Processing D:/cong_text/csvs/tokenized/raw\74-risch.csv...
	73: Processing D:/cong_text/csvs/tokenized/raw\75-roberts.csv...
	74: Processing D:/cong_text/csvs/tokenized/raw\76-ronjohnson.csv...
	75: Processing D:/cong_text/csvs/tokenized/raw\77-rounds.csv...
	76: Processing D:/cong_text/csvs/tokenized/raw\78-rubio.csv...
	77: Processing D:/cong_text/csvs/tokenized/raw\79-sanders.csv...
	78: Processing D:/cong_text/csvs/tokenized/raw\8-booker.csv...
	79: Processing D:/cong_text/csvs/tokenized/raw\80-sasse.csv...
	80: Processing D:/cong_text/csvs/tokenized/raw\81-schatz.csv...
	81: Processing D:/cong_text/csvs/tokenized/raw\82-schumer.csv...
	82: Processing D:/cong_text/csvs/tokenized/raw\83-scott.csv...
	83: Processing D:/cong_text/csvs/tokenized/raw\84-sessions.csv...
	84: Processing D:/cong_text/csvs/tokenized/raw\85-shaheen.csv...
	85: Processing D:/cong_text/csvs/tokenized/raw\86-shelby.csv...
	86: Processing D:/cong_text/csvs/tokenized/raw\87-stabenow.csv...
	87: Processing D:/cong_text/csvs/tokenized/raw\88-sullivan.csv...
	88: Processing D:/cong_text/csvs/tokenized/raw\89-tester.csv...
	89: Processing D:/cong_text/csvs/tokenized/raw\9-boozman.csv...
	90: Processing D:/cong_text/csvs/tokenized/raw\90-thune.csv...
	91: Processing D:/cong_text/csvs/tokenized/raw\91-tillis.csv...
	92: Processing D:/cong_text/csvs/tokenized/raw\92-tomudall.csv...
	93: Processing D:/cong_text/csvs/tokenized/raw\93-toomey.csv...
	94: Processing D:/cong_text/csvs/tokenized/raw\94-vitter.csv...
	95: Processing D:/cong_text/csvs/tokenized/raw\95-warner.csv...
	96: Processing D:/cong_text/csvs/tokenized/raw\96-warren.csv...
	97: Processing D:/cong_text/csvs/tokenized/raw\97-whitehouse.csv...
	98: Processing D:/cong_text/csvs/tokenized/raw\98-wicker.csv...
	99: Processing D:/cong_text/csvs/tokenized/raw\99-wyden.csv...

Merging text with Senator info...

Saving combined texts...

DONE!
