Merging file pair 0/100...
Files aligned
Adding alexander to the full merged data...

Merging file pair 1/100...
Files aligned
Adding ayotte to the full merged data...

Merging file pair 2/100...
Files aligned
Adding boxer to the full merged data...

Merging file pair 3/100...
Files aligned
Adding brown to the full merged data...

Merging file pair 4/100...
Files aligned
Adding burr to the full merged data...

Merging file pair 5/100...
Files aligned
Adding cantwell to the full merged data...

Merging file pair 6/100...
Files aligned
Adding capito to the full merged data...

Merging file pair 7/100...
Files aligned
Adding cardin to the full merged data...

Merging file pair 8/100...
Files aligned
Adding carper to the full merged data...

Merging file pair 9/100...
Files aligned
Adding casey to the full merged data...

Merging file pair 10/100...
Files aligned
Adding cassidy to the full merged data...

Merging file pair 11/100...
Files aligned
Adding coats to the full merged data...

Merging file pair 12/100...
Files aligned
Adding baldwin to the full merged data...

Merging file pair 13/100...
Files aligned
Adding cochran to the full merged data...

Merging file pair 14/100...
Files aligned
Adding collins to the full merged data...

Merging file pair 15/100...
Files aligned
Adding coons to the full merged data...

Merging file pair 16/100...
Files aligned
Adding corker to the full merged data...

Merging file pair 17/100...
Files aligned
Adding cornyn to the full merged data...

Merging file pair 18/100...
Files aligned
Adding cotton to the full merged data...

Merging file pair 19/100...
Files aligned
Adding crapo to the full merged data...

Merging file pair 20/100...
Files aligned
Adding cruz to the full merged data...

Merging file pair 21/100...
Files aligned
Adding daines to the full merged data...

Merging file pair 22/100...
Files aligned
Adding donnelly to the full merged data...

Merging file pair 23/100...
Files aligned
Adding barrasso to the full merged data...

Merging file pair 24/100...
Files aligned
Adding durbin to the full merged data...

Merging file pair 25/100...
Files aligned
Adding enzi to the full merged data...

Merging file pair 26/100...
Files aligned
Adding ernst to the full merged data...

Merging file pair 27/100...
Files aligned
Adding feinstein to the full merged data...

Merging file pair 28/100...
Files aligned
Adding fischer to the full merged data...

Merging file pair 29/100...
Files aligned
Adding flake to the full merged data...

Merging file pair 30/100...
Files aligned
Adding franken to the full merged data...

Merging file pair 31/100...
Files aligned
Adding gardner to the full merged data...

Merging file pair 32/100...
Files aligned
Adding gillibrand to the full merged data...

Merging file pair 33/100...
Files aligned
Adding grassley to the full merged data...

Merging file pair 34/100...
Files aligned
Adding bennet to the full merged data...

Merging file pair 35/100...
Files aligned
Adding hatch to the full merged data...

Merging file pair 36/100...
Files aligned
Adding heinrich to the full merged data...

Merging file pair 37/100...
Files aligned
Adding heitkamp to the full merged data...

Merging file pair 38/100...
Files aligned
Adding heller to the full merged data...

Merging file pair 39/100...
Files aligned
Adding hirono to the full merged data...

Merging file pair 40/100...
Files aligned
Adding hoeven to the full merged data...

Merging file pair 41/100...
Files aligned
Adding inhofe to the full merged data...

Merging file pair 42/100...
Files aligned
Adding isakson to the full merged data...

Merging file pair 43/100...
Files aligned
Adding kaine to the full merged data...

Merging file pair 44/100...
Files aligned
Adding king to the full merged data...

Merging file pair 45/100...
Files aligned
Adding billnelson to the full merged data...

Merging file pair 46/100...
Files aligned
Adding kirk to the full merged data...

Merging file pair 47/100...
Files aligned
Adding klobuchar to the full merged data...

Merging file pair 48/100...
Files aligned
Adding lankford to the full merged data...

Merging file pair 49/100...
Files aligned
Adding leahy to the full merged data...

Merging file pair 50/100...
Files aligned
Adding lee to the full merged data...

Merging file pair 51/100...
Files aligned
Adding lgraham to the full merged data...

Merging file pair 52/100...
Files aligned
Adding manchin to the full merged data...

Merging file pair 53/100...
Files aligned
Adding markey to the full merged data...

Merging file pair 54/100...
Files aligned
Adding mccain to the full merged data...

Merging file pair 55/100...
Files aligned
Adding mccaskill to the full merged data...

Merging file pair 56/100...
Files aligned
Adding blumenthal to the full merged data...

Merging file pair 57/100...
Files aligned
Adding mcconnell to the full merged data...

Merging file pair 58/100...
Files aligned
Adding menendez to the full merged data...

Merging file pair 59/100...
Files aligned
Adding merkley to the full merged data...

Merging file pair 60/100...
Files aligned
Adding mikulski to the full merged data...

Merging file pair 61/100...
Files aligned
Adding moran to the full merged data...

Merging file pair 62/100...
Files aligned
Adding murkowski to the full merged data...

Merging file pair 63/100...
Files aligned
Adding murphy to the full merged data...

Merging file pair 64/100...
Files aligned
Adding murray to the full merged data...

Merging file pair 65/100...
Files aligned
Adding paul to the full merged data...

Merging file pair 66/100...
Files aligned
Adding perdue to the full merged data...

Merging file pair 67/100...
Files aligned
Adding blunt to the full merged data...

Merging file pair 68/100...
Files aligned
Adding peters to the full merged data...

Merging file pair 69/100...
Files aligned
Adding portman to the full merged data...

Merging file pair 70/100...
Files aligned
Adding reed to the full merged data...

Merging file pair 71/100...
Files aligned
Adding reid to the full merged data...

Merging file pair 72/100...
Files aligned
Adding risch to the full merged data...

Merging file pair 73/100...
Files aligned
Adding roberts to the full merged data...

Merging file pair 74/100...
Files aligned
Adding ronjohnson to the full merged data...

Merging file pair 75/100...
Files aligned
Adding rounds to the full merged data...

Merging file pair 76/100...
Files aligned
Adding rubio to the full merged data...

Merging file pair 77/100...
Files aligned
Adding sanders to the full merged data...

Merging file pair 78/100...
Files aligned
Adding booker to the full merged data...

Merging file pair 79/100...
Files aligned
Adding sasse to the full merged data...

Merging file pair 80/100...
Files aligned
Adding schatz to the full merged data...

Merging file pair 81/100...
Files aligned
Adding schumer to the full merged data...

Merging file pair 82/100...
Files aligned
Adding scott to the full merged data...

Merging file pair 83/100...
Files aligned
Adding sessions to the full merged data...

Merging file pair 84/100...
Files aligned
Adding shaheen to the full merged data...

Merging file pair 85/100...
Files aligned
Adding shelby to the full merged data...

Merging file pair 86/100...
Files aligned
Adding stabenow to the full merged data...

Merging file pair 87/100...
Files aligned
Adding sullivan to the full merged data...

Merging file pair 88/100...
Files aligned
Adding tester to the full merged data...

Merging file pair 89/100...
Files aligned
Adding boozman to the full merged data...

Merging file pair 90/100...
Files aligned
Adding thune to the full merged data...

Merging file pair 91/100...
Files aligned
Adding tillis to the full merged data...

Merging file pair 92/100...
Files aligned
Adding tomudall to the full merged data...

Merging file pair 93/100...
Files aligned
Adding toomey to the full merged data...

Merging file pair 94/100...
Files aligned
Adding vitter to the full merged data...

Merging file pair 95/100...
Files aligned
Adding warner to the full merged data...

Merging file pair 96/100...
Files aligned
Adding warren to the full merged data...

Merging file pair 97/100...
Files aligned
Adding whitehouse to the full merged data...

Merging file pair 98/100...
Files aligned
Adding wicker to the full merged data...

Merging file pair 99/100...
Files aligned
Adding wyden to the full merged data...

Saving all senators' merged data to D:/cong_text/csvs/tagged/lemma_merged_id.csv

DONE!
