Reading in merged data...

Removing newline symbols...

Looping over individual senators...
Getting common ngrams for alexander... 	 1/100
Getting common ngrams for ayotte... 	 2/100
Getting common ngrams for boxer... 	 3/100
Getting common ngrams for brown... 	 4/100
Getting common ngrams for burr... 	 5/100
Getting common ngrams for cantwell... 	 6/100
Getting common ngrams for capito... 	 7/100
Getting common ngrams for cardin... 	 8/100
Getting common ngrams for carper... 	 9/100
Getting common ngrams for casey... 	 10/100
Getting common ngrams for cassidy... 	 11/100
Getting common ngrams for coats... 	 12/100
Getting common ngrams for baldwin... 	 13/100
Getting common ngrams for cochran... 	 14/100
Getting common ngrams for collins... 	 15/100
Getting common ngrams for coons... 	 16/100
Getting common ngrams for corker... 	 17/100
Getting common ngrams for cornyn... 	 18/100
Getting common ngrams for cotton... 	 19/100
Getting common ngrams for crapo... 	 20/100
Getting common ngrams for cruz... 	 21/100
Getting common ngrams for daines... 	 22/100
Getting common ngrams for donnelly... 	 23/100
Getting common ngrams for barrasso... 	 24/100
Getting common ngrams for durbin... 	 25/100
Getting common ngrams for enzi... 	 26/100
Getting common ngrams for ernst... 	 27/100
Getting common ngrams for feinstein... 	 28/100
Getting common ngrams for fischer... 	 29/100
Getting common ngrams for flake... 	 30/100
Getting common ngrams for franken... 	 31/100
Getting common ngrams for gardner... 	 32/100
Getting common ngrams for gillibrand... 	 33/100
Getting common ngrams for grassley... 	 34/100
Getting common ngrams for bennet... 	 35/100
Getting common ngrams for hatch... 	 36/100
Getting common ngrams for heinrich... 	 37/100
Getting common ngrams for heitkamp... 	 38/100
Getting common ngrams for heller... 	 39/100
Getting common ngrams for hirono... 	 40/100
Getting common ngrams for hoeven... 	 41/100
Getting common ngrams for inhofe... 	 42/100
Getting common ngrams for isakson... 	 43/100
Getting common ngrams for kaine... 	 44/100
Getting common ngrams for king... 	 45/100
Getting common ngrams for billnelson... 	 46/100
Getting common ngrams for kirk... 	 47/100
Getting common ngrams for klobuchar... 	 48/100
Getting common ngrams for lankford... 	 49/100
Getting common ngrams for leahy... 	 50/100
Getting common ngrams for lee... 	 51/100
Getting common ngrams for lgraham... 	 52/100
Getting common ngrams for manchin... 	 53/100
Getting common ngrams for markey... 	 54/100
Getting common ngrams for mccain... 	 55/100
Getting common ngrams for mccaskill... 	 56/100
Getting common ngrams for blumenthal... 	 57/100
Getting common ngrams for mcconnell... 	 58/100
Getting common ngrams for menendez... 	 59/100
Getting common ngrams for merkley... 	 60/100
Getting common ngrams for mikulski... 	 61/100
Getting common ngrams for moran... 	 62/100
Getting common ngrams for murkowski... 	 63/100
Getting common ngrams for murphy... 	 64/100
Getting common ngrams for murray... 	 65/100
Getting common ngrams for paul... 	 66/100
Getting common ngrams for perdue... 	 67/100
Getting common ngrams for blunt... 	 68/100
Getting common ngrams for peters... 	 69/100
Getting common ngrams for portman... 	 70/100
Getting common ngrams for reed... 	 71/100
Getting common ngrams for reid... 	 72/100
Getting common ngrams for risch... 	 73/100
Getting common ngrams for roberts... 	 74/100
Getting common ngrams for ronjohnson... 	 75/100
Getting common ngrams for rounds... 	 76/100
Getting common ngrams for rubio... 	 77/100
Getting common ngrams for sanders... 	 78/100
Getting common ngrams for booker... 	 79/100
Getting common ngrams for sasse... 	 80/100
Getting common ngrams for schatz... 	 81/100
Getting common ngrams for schumer... 	 82/100
Getting common ngrams for scott... 	 83/100
Getting common ngrams for sessions... 	 84/100
Getting common ngrams for shaheen... 	 85/100
Getting common ngrams for shelby... 	 86/100
Getting common ngrams for stabenow... 	 87/100
Getting common ngrams for sullivan... 	 88/100
Getting common ngrams for tester... 	 89/100
Getting common ngrams for boozman... 	 90/100
Getting common ngrams for thune... 	 91/100
Getting common ngrams for tillis... 	 92/100
Getting common ngrams for tomudall... 	 93/100
Getting common ngrams for toomey... 	 94/100
Getting common ngrams for vitter... 	 95/100
Getting common ngrams for warner... 	 96/100
Getting common ngrams for warren... 	 97/100
Getting common ngrams for whitehouse... 	 98/100
Getting common ngrams for wicker... 	 99/100
Getting common ngrams for wyden... 	 100/100

Getting common ngrams for all senators...

Getting rare ngrams for all senators...

Making senator and general common n-gram lists mutually exclusive...

Making replacement features:
	for general common n-grams...
	for senator specific common n-grams...
	for rare n-grams...

Building full DTM...

Getting tag-only feature set...

Saving raw DTM and feature names...
Done!
